Arguments: 
  /usr/local/share/nvm/versions/node/v20.11.1/bin/node /usr/share/yarn/bin/yarn.js global add nodeman

PATH: 
  /usr/local/rvm/gems/ruby-3.2.3/bin:/usr/local/rvm/gems/ruby-3.2.3@global/bin:/usr/local/rvm/rubies/ruby-3.2.3/bin:/vscode/bin/linux-x64/8b3775030ed1a69b13e4f4c628c612102e30a681/bin/remote-cli:/home/codespace/.local/bin:/home/codespace/.dotnet:/home/codespace/nvm/current/bin:/home/codespace/.php/current/bin:/home/codespace/.python/current/bin:/home/codespace/java/current/bin:/home/codespace/.ruby/current/bin:/home/codespace/.local/bin:/usr/local/python/current/bin:/usr/local/py-utils/bin:/usr/local/oryx:/usr/local/go/bin:/go/bin:/usr/local/sdkman/bin:/usr/local/sdkman/candidates/java/current/bin:/usr/local/sdkman/candidates/gradle/current/bin:/usr/local/sdkman/candidates/maven/current/bin:/usr/local/sdkman/candidates/ant/current/bin:/usr/local/rvm/gems/default/bin:/usr/local/rvm/gems/default@global/bin:/usr/local/rvm/rubies/default/bin:/usr/local/share/rbenv/bin:/usr/local/php/current/bin:/opt/conda/bin:/usr/local/nvs:/usr/local/share/nvm/versions/node/v20.11.1/bin:/usr/local/hugo/bin:/usr/local/sbin:/usr/local/bin:/usr/sbin:/usr/bin:/sbin:/bin:/usr/share/dotnet:/home/codespace/.dotnet/tools:/usr/local/rvm/bin

Yarn version: 
  1.22.19

Node version: 
  20.11.1

Platform: 
  linux x64

Trace: 
  SyntaxError: /workspaces/BACKEND-BLOG-APP/package.json: Expected ',' or '}' after property value in JSON at position 151
      at JSON.parse (<anonymous>)
      at /usr/share/yarn/lib/cli.js:1629:59
      at Generator.next (<anonymous>)
      at step (/usr/share/yarn/lib/cli.js:310:30)
      at /usr/share/yarn/lib/cli.js:321:13

npm manifest: 
  {
    "name": "backend-blog-app",
    "version": "1.0.0",
    "description": "",
    "main": "Server.js",
    "scripts": {
      "start": "node Server.js" 
         "dev": "nodemon Server.js"
    },
    "keywords": [],
    "author": "",
    "license": "ISC"
  }

yarn manifest: 
  No manifest

Lockfile: 
  No lockfile
